<?xml version="1.0" encoding="UTF-8"?>
<!-- Generated by org.testng.reporters.JUnitXMLReporter -->
<testsuite hostname="LP-5CD9176L77" ignored="0" name=" Boozang Application QA" tests="5" failures="1" timestamp="31 Aug 2019 06:11:08 GMT" time="27.187" errors="0">
  <testcase name="TC_001" time="6.275" classname="com.qa.ING.Boozang_Test.HomePageBoozangTest"/>
  <testcase name="TC_002" time="2.94" classname="com.qa.ING.Boozang_Test.HomePageBoozangTest">
    <failure type="java.lang.AssertionError" message="null">
      <![CDATA[java.lang.AssertionError: null
at com.qa.ING.Boozang_Test.HomePageBoozangTest.TC_002(HomePageBoozangTest.java:50)
... Removed 27 stack frames]]>
    </failure>
  </testcase> <!-- TC_002 -->
  <testcase name="TC_003" time="1.135" classname="com.qa.ING.Boozang_Test.HomePageBoozangTest"/>
  <testcase name="TC_004" time="0.677" classname="com.qa.ING.Boozang_Test.HomePageBoozangTest"/>
  <testcase name="TC_005" time="0.531" classname="com.qa.ING.Boozang_Test.HomePageBoozangTest"/>
</testsuite> <!--  Boozang Application QA -->
