<?xml version="1.0" encoding="UTF-8"?>
<!-- Generated by org.testng.reporters.JUnitXMLReporter -->
<testsuite hostname="LP-5CD9176L77" ignored="0" name="FloristHomePageTest" tests="4" failures="0" timestamp="29 Aug 2019 13:08:05 GMT" time="38.811" errors="0">
  <testcase name="clickApplications" time="2.793" classname="com.qa.ING.FederalCreditUnion_Test.FloristHomePageTest"/>
  <testcase name="scrolltoApps" time="2.492" classname="com.qa.ING.FederalCreditUnion_Test.FloristHomePageTest"/>
  <testcase name="countPDFs" time="6.978" classname="com.qa.ING.FederalCreditUnion_Test.FloristHomePageTest"/>
  <testcase name="writePDFs" time="0.633" classname="com.qa.ING.FederalCreditUnion_Test.FloristHomePageTest"/>
</testsuite> <!-- FloristHomePageTest -->
