<?xml version="1.0" encoding="UTF-8"?>
<!-- Generated by org.testng.reporters.JUnitXMLReporter -->
<testsuite hostname="LP-5CD9176L77" ignored="0" name="SampleTest" tests="1" failures="0" timestamp="22 Aug 2019 07:53:42 GMT" time="0.025" errors="0">
  <testcase name="@BeforeSuite setUp" time="0.012" classname="com.app.Utility.BaseTest">
    <failure type="java.lang.NullPointerException">
      <![CDATA[java.lang.NullPointerException
at com.app.Utility.BaseTest.setUp(BaseTest.java:45)
... Removed 20 stack frames]]>
    </failure>
  </testcase> <!-- @BeforeSuite setUp -->
  <testcase name="login" time="0.0" classname="com.app.rough.SampleTest">
    <skipped/>
  </testcase> <!-- login -->
</testsuite> <!-- SampleTest -->
