<?xml version="1.0" encoding="UTF-8"?>
<testng-results skipped="0" failed="1" ignored="0" total="1" passed="0">
  <reporter-output>
    <line>
      <![CDATA[Browser is opened]]>
    </line>
    <line>
      <![CDATA[URL is hitted]]>
    </line>
    <line>
      <![CDATA[Browser is opened and url is entered successully]]>
    </line>
  </reporter-output>
  <suite name="Default suite" duration-ms="13723" started-at="2019-09-05T06:32:56Z" finished-at="2019-09-05T06:33:10Z">
    <groups>
    </groups>
    <test name="Default test" duration-ms="13723" started-at="2019-09-05T06:32:56Z" finished-at="2019-09-05T06:33:10Z">
      <class name="com.qa.ING.Trello_Tests.TrelloTest">
        <test-method status="PASS" signature="setUp()[pri:0, instance:com.qa.ING.Trello_Tests.TrelloTest@6acdbdf5]" name="setUp" is-config="true" duration-ms="12039" started-at="2019-09-05T06:32:56Z" finished-at="2019-09-05T06:33:08Z">
          <reporter-output>
            <line>
              <![CDATA[Browser is opened]]>
            </line>
            <line>
              <![CDATA[URL is hitted]]>
            </line>
            <line>
              <![CDATA[Browser is opened and url is entered successully]]>
            </line>
          </reporter-output>
        </test-method> <!-- setUp -->
        <test-method status="FAIL" signature="TC_001()[pri:0, instance:com.qa.ING.Trello_Tests.TrelloTest@6acdbdf5]" name="TC_001" duration-ms="6" started-at="2019-09-05T06:33:08Z" finished-at="2019-09-05T06:33:08Z">
          <exception class="java.lang.NullPointerException">
            <full-stacktrace>
              <![CDATA[java.lang.NullPointerException
at org.openqa.selenium.support.pagefactory.DefaultElementLocator.findElement(DefaultElementLocator.java:69)
at org.openqa.selenium.support.pagefactory.internal.LocatingElementHandler.invoke(LocatingElementHandler.java:38)
at com.sun.proxy.$Proxy10.sendKeys(Unknown Source)
at com.qa.ING.Trello_Pages.TrelloLoginPage.enterUserName(TrelloLoginPage.java:25)
at com.qa.ING.Trello_Tests.TrelloTest.TC_001(TrelloTest.java:25)
at sun.reflect.NativeMethodAccessorImpl.invoke0(Native Method)
at sun.reflect.NativeMethodAccessorImpl.invoke(NativeMethodAccessorImpl.java:62)
at sun.reflect.DelegatingMethodAccessorImpl.invoke(DelegatingMethodAccessorImpl.java:43)
at java.lang.reflect.Method.invoke(Method.java:498)
at org.testng.internal.MethodInvocationHelper.invokeMethod(MethodInvocationHelper.java:124)
at org.testng.internal.Invoker.invokeMethod(Invoker.java:583)
at org.testng.internal.Invoker.invokeTestMethod(Invoker.java:719)
at org.testng.internal.Invoker.invokeTestMethods(Invoker.java:989)
at org.testng.internal.TestMethodWorker.invokeTestMethods(TestMethodWorker.java:125)
at org.testng.internal.TestMethodWorker.run(TestMethodWorker.java:109)
at org.testng.TestRunner.privateRun(TestRunner.java:648)
at org.testng.TestRunner.run(TestRunner.java:505)
at org.testng.SuiteRunner.runTest(SuiteRunner.java:455)
at org.testng.SuiteRunner.runSequentially(SuiteRunner.java:450)
at org.testng.SuiteRunner.privateRun(SuiteRunner.java:415)
at org.testng.SuiteRunner.run(SuiteRunner.java:364)
at org.testng.SuiteRunnerWorker.runSuite(SuiteRunnerWorker.java:52)
at org.testng.SuiteRunnerWorker.run(SuiteRunnerWorker.java:84)
at org.testng.TestNG.runSuitesSequentially(TestNG.java:1208)
at org.testng.TestNG.runSuitesLocally(TestNG.java:1137)
at org.testng.TestNG.runSuites(TestNG.java:1049)
at org.testng.TestNG.run(TestNG.java:1017)
at org.testng.remote.AbstractRemoteTestNG.run(AbstractRemoteTestNG.java:114)
at org.testng.remote.RemoteTestNG.initAndRun(RemoteTestNG.java:251)
at org.testng.remote.RemoteTestNG.main(RemoteTestNG.java:77)
]]>
            </full-stacktrace>
          </exception> <!-- java.lang.NullPointerException -->
          <reporter-output>
          </reporter-output>
        </test-method> <!-- TC_001 -->
        <test-method status="PASS" signature="getResult(org.testng.ITestResult)[pri:0, instance:com.qa.ING.Trello_Tests.TrelloTest@6acdbdf5]" name="getResult" is-config="true" duration-ms="330" started-at="2019-09-05T06:33:08Z" finished-at="2019-09-05T06:33:08Z">
          <params>
            <param index="0">
              <value>
                <![CDATA[[TestResult name=TC_001 status=FAILURE method=TrelloTest.TC_001()[pri:0, instance:com.qa.ING.Trello_Tests.TrelloTest@6acdbdf5] output={null}]]]>
              </value>
            </param>
          </params>
          <reporter-output>
          </reporter-output>
        </test-method> <!-- getResult -->
        <test-method status="PASS" signature="endReport()[pri:0, instance:com.qa.ING.Trello_Tests.TrelloTest@6acdbdf5]" name="endReport" is-config="true" duration-ms="1328" started-at="2019-09-05T06:33:08Z" finished-at="2019-09-05T06:33:10Z">
          <reporter-output>
          </reporter-output>
        </test-method> <!-- endReport -->
      </class> <!-- com.qa.ING.Trello_Tests.TrelloTest -->
    </test> <!-- Default test -->
  </suite> <!-- Default suite -->
</testng-results>
